{"/Users/matttaylor/Desktop/leetcode-ts/1309-e-decrypt-string/src/decryptString.js": {"path":"/Users/matttaylor/Desktop/leetcode-ts/1309-e-decrypt-string/src/decryptString.js","statementMap":{"0":{"start":{"line":2,"column":0},"end":{"line":2,"column":26}},"1":{"start":{"line":3,"column":0},"end":{"line":16,"column":2}},"2":{"start":{"line":4,"column":17},"end":{"line":4,"column":19}},"3":{"start":{"line":5,"column":4},"end":{"line":14,"column":5}},"4":{"start":{"line":5,"column":17},"end":{"line":5,"column":18}},"5":{"start":{"line":6,"column":8},"end":{"line":13,"column":9}},"6":{"start":{"line":8,"column":16},"end":{"line":8,"column":79}},"7":{"start":{"line":9,"column":16},"end":{"line":9,"column":23}},"8":{"start":{"line":10,"column":16},"end":{"line":10,"column":22}},"9":{"start":{"line":12,"column":16},"end":{"line":12,"column":66}},"10":{"start":{"line":15,"column":4},"end":{"line":15,"column":27}},"11":{"start":{"line":17,"column":0},"end":{"line":20,"column":2}},"12":{"start":{"line":18,"column":19},"end":{"line":18,"column":40}},"13":{"start":{"line":19,"column":4},"end":{"line":19,"column":47}}},"fnMap":{"0":{"name":"(anonymous_0)","decl":{"start":{"line":3,"column":24},"end":{"line":3,"column":25}},"loc":{"start":{"line":3,"column":39},"end":{"line":16,"column":1}},"line":3},"1":{"name":"(anonymous_1)","decl":{"start":{"line":17,"column":23},"end":{"line":17,"column":24}},"loc":{"start":{"line":17,"column":38},"end":{"line":20,"column":1}},"line":17}},"branchMap":{"0":{"loc":{"start":{"line":6,"column":8},"end":{"line":13,"column":9}},"type":"switch","locations":[{"start":{"line":7,"column":12},"end":{"line":10,"column":22}},{"start":{"line":11,"column":12},"end":{"line":12,"column":66}}],"line":6}},"s":{"0":1,"1":1,"2":6,"3":6,"4":6,"5":11,"6":4,"7":4,"8":4,"9":7,"10":6,"11":1,"12":15,"13":15},"f":{"0":6,"1":15},"b":{"0":[4,7]},"inputSourceMap":null,"_coverageSchema":"1a1c01bbd47fc00a2c39e90264f33305004495a9","hash":"6b538bde4e127332e0839e8b2ebb49500076e964"}
}
