<?xml version="1.0" encoding="UTF-8"?>
<coverage generated="1601124036094" clover="3.2.0">
  <project timestamp="1601124036094" name="All files">
    <metrics statements="24" coveredstatements="24" conditionals="6" coveredconditionals="6" methods="3" coveredmethods="3" elements="33" coveredelements="33" complexity="0" loc="24" ncloc="24" packages="1" files="1" classes="1"/>
    <file name="palindromicSubstrings.ts" path="/Users/matttaylor/Desktop/leetcode-ts/0647-palindromicSubstrings/src/palindromicSubstrings.ts">
      <metrics statements="24" coveredstatements="24" conditionals="6" coveredconditionals="6" methods="3" coveredmethods="3"/>
      <line num="7" count="1" type="stmt"/>
      <line num="9" count="5" type="stmt"/>
      <line num="10" count="5" type="stmt"/>
      <line num="13" count="5" type="stmt"/>
      <line num="16" count="1" type="stmt"/>
      <line num="17" count="8" type="stmt"/>
      <line num="19" count="8" type="stmt"/>
      <line num="20" count="16" type="stmt"/>
      <line num="21" count="16" type="stmt"/>
      <line num="23" count="16" type="cond" truecount="3" falsecount="0"/>
      <line num="24" count="6" type="stmt"/>
      <line num="25" count="6" type="stmt"/>
      <line num="26" count="6" type="stmt"/>
      <line num="30" count="8" type="stmt"/>
      <line num="34" count="1" type="stmt"/>
      <line num="35" count="9" type="stmt"/>
      <line num="37" count="9" type="stmt"/>
      <line num="38" count="33" type="stmt"/>
      <line num="39" count="33" type="stmt"/>
      <line num="41" count="33" type="cond" truecount="3" falsecount="0"/>
      <line num="42" count="37" type="stmt"/>
      <line num="43" count="37" type="stmt"/>
      <line num="44" count="37" type="stmt"/>
      <line num="48" count="9" type="stmt"/>
    </file>
  </project>
</coverage>
