{"/Users/matttaylor/Desktop/leetcode-ts/0647-palindromicSubstrings/src/palindromicSubstrings.ts": {"path":"/Users/matttaylor/Desktop/leetcode-ts/0647-palindromicSubstrings/src/palindromicSubstrings.ts","statementMap":{"0":{"start":{"line":7,"column":13},"end":{"line":14,"column":null}},"1":{"start":{"line":9,"column":37},"end":{"line":9,"column":62}},"2":{"start":{"line":10,"column":36},"end":{"line":10,"column":60}},"3":{"start":{"line":13,"column":2},"end":{"line":13,"column":null}},"4":{"start":{"line":16,"column":13},"end":{"line":32,"column":null}},"5":{"start":{"line":17,"column":14},"end":{"line":17,"column":15}},"6":{"start":{"line":19,"column":2},"end":{"line":28,"column":null}},"7":{"start":{"line":19,"column":12},"end":{"line":19,"column":13}},"8":{"start":{"line":20,"column":16},"end":{"line":20,"column":19}},"9":{"start":{"line":21,"column":16},"end":{"line":21,"column":17}},"10":{"start":{"line":23,"column":4},"end":{"line":27,"column":null}},"11":{"start":{"line":24,"column":6},"end":{"line":24,"column":16}},"12":{"start":{"line":25,"column":6},"end":{"line":25,"column":17}},"13":{"start":{"line":26,"column":6},"end":{"line":26,"column":17}},"14":{"start":{"line":30,"column":2},"end":{"line":30,"column":null}},"15":{"start":{"line":34,"column":13},"end":{"line":49,"column":null}},"16":{"start":{"line":35,"column":14},"end":{"line":35,"column":15}},"17":{"start":{"line":37,"column":2},"end":{"line":46,"column":null}},"18":{"start":{"line":37,"column":12},"end":{"line":37,"column":13}},"19":{"start":{"line":38,"column":16},"end":{"line":38,"column":17}},"20":{"start":{"line":39,"column":16},"end":{"line":39,"column":17}},"21":{"start":{"line":41,"column":4},"end":{"line":45,"column":null}},"22":{"start":{"line":42,"column":6},"end":{"line":42,"column":16}},"23":{"start":{"line":43,"column":6},"end":{"line":43,"column":17}},"24":{"start":{"line":44,"column":6},"end":{"line":44,"column":17}},"25":{"start":{"line":48,"column":2},"end":{"line":48,"column":null}}},"fnMap":{"0":{"name":"(anonymous_0)","decl":{"start":{"line":7,"column":31},"end":{"line":7,"column":32}},"loc":{"start":{"line":7,"column":43},"end":{"line":14,"column":1}}},"1":{"name":"(anonymous_1)","decl":{"start":{"line":16,"column":36},"end":{"line":16,"column":37}},"loc":{"start":{"line":16,"column":48},"end":{"line":32,"column":1}}},"2":{"name":"(anonymous_2)","decl":{"start":{"line":34,"column":35},"end":{"line":34,"column":36}},"loc":{"start":{"line":34,"column":47},"end":{"line":49,"column":1}}}},"branchMap":{"0":{"loc":{"start":{"line":23,"column":11},"end":{"line":23,"column":36}},"type":"binary-expr","locations":[{"start":{"line":23,"column":11},"end":{"line":23,"column":36}},{"start":{"line":23,"column":40},"end":{"line":23,"column":58}},{"start":{"line":23,"column":62},"end":{"line":23,"column":72}}]},"1":{"loc":{"start":{"line":41,"column":11},"end":{"line":41,"column":36}},"type":"binary-expr","locations":[{"start":{"line":41,"column":11},"end":{"line":41,"column":36}},{"start":{"line":41,"column":40},"end":{"line":41,"column":58}},{"start":{"line":41,"column":62},"end":{"line":41,"column":72}}]}},"s":{"0":1,"1":5,"2":5,"3":5,"4":1,"5":8,"6":8,"7":8,"8":16,"9":16,"10":16,"11":6,"12":6,"13":6,"14":8,"15":1,"16":9,"17":9,"18":9,"19":33,"20":33,"21":33,"22":37,"23":37,"24":37,"25":9},"f":{"0":5,"1":8,"2":9},"b":{"0":[22,9,6],"1":[70,40,37]}}
}
